<?xml version="1.0" encoding="UTF-8"?>
<testng-results ignored="0" total="1" passed="1" failed="0" skipped="0">
  <reporter-output>
    <line>
      <![CDATA[testmethod execution started]]>
    </line>
    <line>
      <![CDATA[HDFC_006]]>
    </line>
    <line>
      <![CDATA[TestCaseIsPass]]>
    </line>
    <line>
      <![CDATA[testmethod execution success]]>
    </line>
  </reporter-output>
  <suite started-at="2023-01-14T17:48:37 IST" name="Default suite" finished-at="2023-01-14T17:49:13 IST" duration-ms="36127">
    <groups>
    </groups>
    <test started-at="2023-01-14T17:48:37 IST" name="Default test" finished-at="2023-01-14T17:49:13 IST" duration-ms="36127">
      <class name="com.crm.testscript.CreateCustomerTest">
        <test-method is-config="true" signature="openBrowser()[pri:0, instance:com.crm.testscript.CreateCustomerTest@306e95ec]" started-at="2023-01-14T17:48:37 IST" name="openBrowser" finished-at="2023-01-14T17:48:41 IST" duration-ms="4291" status="PASS">
          <reporter-output>
          </reporter-output>
        </test-method> <!-- openBrowser -->
        <test-method is-config="true" signature="login()[pri:0, instance:com.crm.testscript.CreateCustomerTest@306e95ec]" started-at="2023-01-14T17:48:41 IST" name="login" finished-at="2023-01-14T17:48:46 IST" duration-ms="5373" status="PASS">
          <reporter-output>
          </reporter-output>
        </test-method> <!-- login -->
        <test-method signature="createCustomerTest()[pri:0, instance:com.crm.testscript.CreateCustomerTest@306e95ec]" started-at="2023-01-14T17:48:46 IST" name="createCustomerTest" finished-at="2023-01-14T17:49:09 IST" duration-ms="22410" status="PASS">
          <reporter-output>
            <line>
              <![CDATA[testmethod execution started]]>
            </line>
            <line>
              <![CDATA[HDFC_006]]>
            </line>
            <line>
              <![CDATA[TestCaseIsPass]]>
            </line>
            <line>
              <![CDATA[testmethod execution success]]>
            </line>
          </reporter-output>
        </test-method> <!-- createCustomerTest -->
        <test-method is-config="true" signature="logout()[pri:0, instance:com.crm.testscript.CreateCustomerTest@306e95ec]" started-at="2023-01-14T17:49:09 IST" name="logout" finished-at="2023-01-14T17:49:12 IST" duration-ms="3740" status="PASS">
          <reporter-output>
          </reporter-output>
        </test-method> <!-- logout -->
        <test-method is-config="true" signature="closeBrowser()[pri:0, instance:com.crm.testscript.CreateCustomerTest@306e95ec]" started-at="2023-01-14T17:49:12 IST" name="closeBrowser" finished-at="2023-01-14T17:49:13 IST" duration-ms="260" status="PASS">
          <reporter-output>
          </reporter-output>
        </test-method> <!-- closeBrowser -->
      </class> <!-- com.crm.testscript.CreateCustomerTest -->
    </test> <!-- Default test -->
  </suite> <!-- Default suite -->
</testng-results>
